<?xml version="1.0" encoding="UTF-8"?>
<testng-results skipped="0" failed="0" total="2" passed="2">
  <reporter-output>
  </reporter-output>
  <suite name="Default suite" duration-ms="43793" started-at="2019-09-01T07:05:35Z" finished-at="2019-09-01T07:06:19Z">
    <groups>
    </groups>
    <test name="Default test" duration-ms="43793" started-at="2019-09-01T07:05:35Z" finished-at="2019-09-01T07:06:19Z">
      <class name="com.crm.test.CasePageTest">
        <test-method status="PASS" signature="setExtent()[pri:0, instance:com.crm.test.CasePageTest@ecf5f196]" name="setExtent" is-config="true" duration-ms="324" started-at="2019-09-01T12:35:35Z" finished-at="2019-09-01T12:35:36Z">
          <reporter-output>
          </reporter-output>
        </test-method> <!-- setExtent -->
        <test-method status="PASS" signature="setUp()[pri:0, instance:com.crm.test.CasePageTest@ecf5f196]" name="setUp" is-config="true" duration-ms="18305" started-at="2019-09-01T12:35:36Z" finished-at="2019-09-01T12:35:54Z">
          <reporter-output>
          </reporter-output>
        </test-method> <!-- setUp -->
        <test-method status="PASS" signature="addCaseDetails(java.lang.String, java.lang.String, java.lang.String)[pri:0, instance:com.crm.test.CasePageTest@ecf5f196]" name="addCaseDetails" duration-ms="9257" started-at="2019-09-01T12:35:54Z" description="Add Case" data-provider="getTestData" finished-at="2019-09-01T12:36:03Z">
          <params>
            <param index="0">
              <value>
                <![CDATA[Mr.]]>
              </value>
            </param>
            <param index="1">
              <value>
                <![CDATA[John]]>
              </value>
            </param>
            <param index="2">
              <value>
                <![CDATA[Peter]]>
              </value>
            </param>
          </params>
          <reporter-output>
          </reporter-output>
        </test-method> <!-- addCaseDetails -->
        <test-method status="PASS" signature="tearDown(org.testng.ITestResult)[pri:0, instance:com.crm.test.CasePageTest@ecf5f196]" name="tearDown" is-config="true" duration-ms="1205" started-at="2019-09-01T12:36:03Z" finished-at="2019-09-01T12:36:05Z">
          <params>
            <param index="0">
              <value>
                <![CDATA[[TestResult name=addCaseDetails status=SUCCESS method=CasePageTest.addCaseDetails(java.lang.String, java.lang.String, java.lang.String)[pri:0, instance:com.crm.test.CasePageTest@ecf5f196] output={null}]]]>
              </value>
            </param>
          </params>
          <reporter-output>
          </reporter-output>
        </test-method> <!-- tearDown -->
        <test-method status="PASS" signature="setUp()[pri:0, instance:com.crm.test.CasePageTest@ecf5f196]" name="setUp" is-config="true" duration-ms="10364" started-at="2019-09-01T12:36:05Z" finished-at="2019-09-01T12:36:15Z">
          <reporter-output>
          </reporter-output>
        </test-method> <!-- setUp -->
        <test-method status="PASS" signature="verifyCaseStatus(java.lang.String, java.lang.String, java.lang.String)[pri:0, instance:com.crm.test.CasePageTest@ecf5f196]" name="verifyCaseStatus" duration-ms="1772" started-at="2019-09-01T12:36:15Z" description="Verify Case Status Of Added Case" data-provider="getTestData" finished-at="2019-09-01T12:36:17Z">
          <params>
            <param index="0">
              <value>
                <![CDATA[Mr.]]>
              </value>
            </param>
            <param index="1">
              <value>
                <![CDATA[John]]>
              </value>
            </param>
            <param index="2">
              <value>
                <![CDATA[Peter]]>
              </value>
            </param>
          </params>
          <reporter-output>
          </reporter-output>
        </test-method> <!-- verifyCaseStatus -->
        <test-method status="PASS" signature="tearDown(org.testng.ITestResult)[pri:0, instance:com.crm.test.CasePageTest@ecf5f196]" name="tearDown" is-config="true" duration-ms="1313" started-at="2019-09-01T12:36:17Z" finished-at="2019-09-01T12:36:18Z">
          <params>
            <param index="0">
              <value>
                <![CDATA[[TestResult name=verifyCaseStatus status=SUCCESS method=CasePageTest.verifyCaseStatus(java.lang.String, java.lang.String, java.lang.String)[pri:0, instance:com.crm.test.CasePageTest@ecf5f196] output={null}]]]>
              </value>
            </param>
          </params>
          <reporter-output>
          </reporter-output>
        </test-method> <!-- tearDown -->
        <test-method status="PASS" signature="endReport()[pri:0, instance:com.crm.test.CasePageTest@ecf5f196]" name="endReport" is-config="true" duration-ms="1094" started-at="2019-09-01T12:36:18Z" finished-at="2019-09-01T12:36:19Z">
          <reporter-output>
          </reporter-output>
        </test-method> <!-- endReport -->
      </class> <!-- com.crm.test.CasePageTest -->
    </test> <!-- Default test -->
  </suite> <!-- Default suite -->
</testng-results>
